# JRE version: Java(TM) SE Runtime Environment (8.0_73-b02) (build 1.8.0_73-b02)
# Java VM: Java HotSpot(TM) Client VM (25.73-b02 mixed mode windows-x86 )
Heap:
 def new generation   total 4992K, used 3212K [0x04400000, 0x04960000, 0x09950000)
  eden space 4480K,  60% used [0x04400000, 0x046a3350, 0x04860000)
  from space 512K,  99% used [0x04860000, 0x048dfff8, 0x048e0000)
  to   space 512K,   0% used [0x048e0000, 0x048e0000, 0x04960000)
 tenured generation   total 10944K, used 9400K [0x09950000, 0x0a400000, 0x14400000)
   the space 10944K,  85% used [0x09950000, 0x0a27e0d0, 0x0a27e200, 0x0a400000)
 Metaspace       used 17414K, capacity 17639K, committed 17792K, reserved 17792K
GC Heap History (10 events):
Event: 4.244 GC heap before
{Heap before GC invocations=13 (full 1):
 def new generation   total 4992K, used 4992K [0x04400000, 0x04960000, 0x09950000)
  eden space 4480K, 100% used [0x04400000, 0x04860000, 0x04860000)
  from space 512K, 100% used [0x048e0000, 0x04960000, 0x04960000)
  to   space 512K,   0% used [0x04860000, 0x04860000, 0x048e0000)
 tenured generation   total 10944K, used 7357K [0x09950000, 0x0a400000, 0x14400000)
   the space 10944K,  67% used [0x09950000, 0x0a07f420, 0x0a07f600, 0x0a400000)
 Metaspace       used 15273K, capacity 15492K, committed 15616K, reserved 15744K
Event: 4.251 GC heap after
Heap after GC invocations=14 (full 1):
 def new generation   total 4992K, used 512K [0x04400000, 0x04960000, 0x09950000)
  eden space 4480K,   0% used [0x04400000, 0x04400000, 0x04860000)
  from space 512K, 100% used [0x04860000, 0x048e0000, 0x048e0000)
  to   space 512K,   0% used [0x048e0000, 0x048e0000, 0x04960000)
 tenured generation   total 10944K, used 7964K [0x09950000, 0x0a400000, 0x14400000)
   the space 10944K,  72% used [0x09950000, 0x0a117130, 0x0a117200, 0x0a400000)
 Metaspace       used 15273K, capacity 15492K, committed 15616K, reserved 15744K
}
Event: 4.412 GC heap before
{Heap before GC invocations=14 (full 1):
 def new generation   total 4992K, used 4992K [0x04400000, 0x04960000, 0x09950000)
  eden space 4480K, 100% used [0x04400000, 0x04860000, 0x04860000)
  from space 512K, 100% used [0x04860000, 0x048e0000, 0x048e0000)
  to   space 512K,   0% used [0x048e0000, 0x048e0000, 0x04960000)
 tenured generation   total 10944K, used 7964K [0x09950000, 0x0a400000, 0x14400000)
   the space 10944K,  72% used [0x09950000, 0x0a117130, 0x0a117200, 0x0a400000)
 Metaspace       used 15691K, capacity 15908K, committed 16000K, reserved 16768K
Event: 4.416 GC heap after
Heap after GC invocations=15 (full 1):
 def new generation   total 4992K, used 511K [0x04400000, 0x04960000, 0x09950000)
  eden space 4480K,   0% used [0x04400000, 0x04400000, 0x04860000)
  from space 512K,  99% used [0x048e0000, 0x0495fff8, 0x04960000)
  to   space 512K,   0% used [0x04860000, 0x04860000, 0x048e0000)
 tenured generation   total 10944K, used 8363K [0x09950000, 0x0a400000, 0x14400000)
   the space 10944K,  76% used [0x09950000, 0x0a17acc8, 0x0a17ae00, 0x0a400000)
 Metaspace       used 15691K, capacity 15908K, committed 16000K, reserved 16768K
}
Event: 4.683 GC heap before
{Heap before GC invocations=15 (full 1):
 def new generation   total 4992K, used 4991K [0x04400000, 0x04960000, 0x09950000)
  eden space 4480K, 100% used [0x04400000, 0x04860000, 0x04860000)
  from space 512K,  99% used [0x048e0000, 0x0495fff8, 0x04960000)
  to   space 512K,   0% used [0x04860000, 0x04860000, 0x048e0000)
 tenured generation   total 10944K, used 8363K [0x09950000, 0x0a400000, 0x14400000)
   the space 10944K,  76% used [0x09950000, 0x0a17acc8, 0x0a17ae00, 0x0a400000)
 Metaspace       used 16150K, capacity 16388K, committed 16512K, reserved 16768K
Event: 4.688 GC heap after
Heap after GC invocations=16 (full 1):
 def new generation   total 4992K, used 511K [0x04400000, 0x04960000, 0x09950000)
  eden space 4480K,   0% used [0x04400000, 0x04400000, 0x04860000)
  from space 512K,  99% used [0x04860000, 0x048dfff8, 0x048e0000)
  to   space 512K,   0% used [0x048e0000, 0x048e0000, 0x04960000)
 tenured generation   total 10944K, used 8694K [0x09950000, 0x0a400000, 0x14400000)
   the space 10944K,  79% used [0x09950000, 0x0a1cd830, 0x0a1cda00, 0x0a400000)
 Metaspace       used 16150K, capacity 16388K, committed 16512K, reserved 16768K
}
Event: 4.921 GC heap before
{Heap before GC invocations=16 (full 1):
 def new generation   total 4992K, used 4991K [0x04400000, 0x04960000, 0x09950000)
  eden space 4480K, 100% used [0x04400000, 0x04860000, 0x04860000)
  from space 512K,  99% used [0x04860000, 0x048dfff8, 0x048e0000)
  to   space 512K,   0% used [0x048e0000, 0x048e0000, 0x04960000)
 tenured generation   total 10944K, used 8694K [0x09950000, 0x0a400000, 0x14400000)
   the space 10944K,  79% used [0x09950000, 0x0a1cd830, 0x0a1cda00, 0x0a400000)
 Metaspace       used 16599K, capacity 16807K, committed 16896K, reserved 17792K
Event: 4.924 GC heap after
Heap after GC invocations=17 (full 1):
 def new generation   total 4992K, used 512K [0x04400000, 0x04960000, 0x09950000)
  eden space 4480K,   0% used [0x04400000, 0x04400000, 0x04860000)
  from space 512K, 100% used [0x048e0000, 0x04960000, 0x04960000)
  to   space 512K,   0% used [0x04860000, 0x04860000, 0x048e0000)
 tenured generation   total 10944K, used 9033K [0x09950000, 0x0a400000, 0x14400000)
   the space 10944K,  82% used [0x09950000, 0x0a222438, 0x0a222600, 0x0a400000)
 Metaspace       used 16599K, capacity 16807K, committed 16896K, reserved 17792K
}
Event: 5.080 GC heap before
{Heap before GC invocations=17 (full 1):
 def new generation   total 4992K, used 4992K [0x04400000, 0x04960000, 0x09950000)
  eden space 4480K, 100% used [0x04400000, 0x04860000, 0x04860000)
  from space 512K, 100% used [0x048e0000, 0x04960000, 0x04960000)
  to   space 512K,   0% used [0x04860000, 0x04860000, 0x048e0000)
 tenured generation   total 10944K, used 9033K [0x09950000, 0x0a400000, 0x14400000)
   the space 10944K,  82% used [0x09950000, 0x0a222438, 0x0a222600, 0x0a400000)
 Metaspace       used 17079K, capacity 17287K, committed 17408K, reserved 17792K
Event: 5.083 GC heap after
Heap after GC invocations=18 (full 1):
 def new generation   total 4992K, used 511K [0x04400000, 0x04960000, 0x09950000)
  eden space 4480K,   0% used [0x04400000, 0x04400000, 0x04860000)
  from space 512K,  99% used [0x04860000, 0x048dfff8, 0x048e0000)
  to   space 512K,   0% used [0x048e0000, 0x048e0000, 0x04960000)
 tenured generation   total 10944K, used 9400K [0x09950000, 0x0a400000, 0x14400000)
   the space 10944K,  85% used [0x09950000, 0x0a27e0d0, 0x0a27e200, 0x0a400000)
 Metaspace       used 17079K, capacity 17287K, committed 17408K, reserved 17792K
}

