# JRE version: Java(TM) SE Runtime Environment (8.0_73-b02) (build 1.8.0_73-b02)
# Java VM: Java HotSpot(TM) Client VM (25.73-b02 mixed mode, sharing windows-x86 )
Heap:
 def new generation   total 6912K, used 728K [0x04800000, 0x04f70000, 0x09d50000)
  eden space 6208K,  11% used [0x04800000, 0x048b6158, 0x04e10000)
  from space 704K,   0% used [0x04e10000, 0x04e10000, 0x04ec0000)
  to   space 704K,   0% used [0x04ec0000, 0x04ec0000, 0x04f70000)
 tenured generation   total 15132K, used 9078K [0x09d50000, 0x0ac17000, 0x14800000)
   the space 15132K,  59% used [0x09d50000, 0x0a62dac8, 0x0a62dc00, 0x0ac17000)
 Metaspace       used 9440K, capacity 9671K, committed 9728K, reserved 10624K
GC Heap History (10 events):
Event: 2.195 GC heap before
{Heap before GC invocations=13 (full 0):
 def new generation   total 4928K, used 4928K [0x04800000, 0x04d50000, 0x09d50000)
  eden space 4416K, 100% used [0x04800000, 0x04c50000, 0x04c50000)
  from space 512K, 100% used [0x04cd0000, 0x04d50000, 0x04d50000)
  to   space 512K,   0% used [0x04c50000, 0x04c50000, 0x04cd0000)
 tenured generation   total 10944K, used 8388K [0x09d50000, 0x0a800000, 0x14800000)
   the space 10944K,  76% used [0x09d50000, 0x0a5810b8, 0x0a581200, 0x0a800000)
 Metaspace       used 7761K, capacity 7972K, committed 8064K, reserved 8576K
Event: 2.199 GC heap after
Heap after GC invocations=14 (full 0):
 def new generation   total 4928K, used 511K [0x04800000, 0x04d50000, 0x09d50000)
  eden space 4416K,   0% used [0x04800000, 0x04800000, 0x04c50000)
  from space 512K,  99% used [0x04c50000, 0x04ccfff8, 0x04cd0000)
  to   space 512K,   0% used [0x04cd0000, 0x04cd0000, 0x04d50000)
 tenured generation   total 10944K, used 8932K [0x09d50000, 0x0a800000, 0x14800000)
   the space 10944K,  81% used [0x09d50000, 0x0a609220, 0x0a609400, 0x0a800000)
 Metaspace       used 7761K, capacity 7972K, committed 8064K, reserved 8576K
}
Event: 2.313 GC heap before
{Heap before GC invocations=14 (full 0):
 def new generation   total 4928K, used 4927K [0x04800000, 0x04d50000, 0x09d50000)
  eden space 4416K, 100% used [0x04800000, 0x04c50000, 0x04c50000)
  from space 512K,  99% used [0x04c50000, 0x04ccfff8, 0x04cd0000)
  to   space 512K,   0% used [0x04cd0000, 0x04cd0000, 0x04d50000)
 tenured generation   total 10944K, used 8932K [0x09d50000, 0x0a800000, 0x14800000)
   the space 10944K,  81% used [0x09d50000, 0x0a609220, 0x0a609400, 0x0a800000)
 Metaspace       used 8214K, capacity 8420K, committed 8576K, reserved 8576K
Event: 2.316 GC heap after
Heap after GC invocations=15 (full 0):
 def new generation   total 4928K, used 512K [0x04800000, 0x04d50000, 0x09d50000)
  eden space 4416K,   0% used [0x04800000, 0x04800000, 0x04c50000)
  from space 512K, 100% used [0x04cd0000, 0x04d50000, 0x04d50000)
  to   space 512K,   0% used [0x04c50000, 0x04c50000, 0x04cd0000)
 tenured generation   total 10944K, used 9374K [0x09d50000, 0x0a800000, 0x14800000)
   the space 10944K,  85% used [0x09d50000, 0x0a6778c0, 0x0a677a00, 0x0a800000)
 Metaspace       used 8214K, capacity 8420K, committed 8576K, reserved 8576K
}
Event: 2.738 GC heap before
{Heap before GC invocations=15 (full 0):
 def new generation   total 4928K, used 4928K [0x04800000, 0x04d50000, 0x09d50000)
  eden space 4416K, 100% used [0x04800000, 0x04c50000, 0x04c50000)
  from space 512K, 100% used [0x04cd0000, 0x04d50000, 0x04d50000)
  to   space 512K,   0% used [0x04c50000, 0x04c50000, 0x04cd0000)
 tenured generation   total 10944K, used 9374K [0x09d50000, 0x0a800000, 0x14800000)
   the space 10944K,  85% used [0x09d50000, 0x0a6778c0, 0x0a677a00, 0x0a800000)
 Metaspace       used 8473K, capacity 8679K, committed 8832K, reserved 9600K
Event: 2.741 GC heap after
Heap after GC invocations=16 (full 0):
 def new generation   total 4928K, used 348K [0x04800000, 0x04d50000, 0x09d50000)
  eden space 4416K,   0% used [0x04800000, 0x04800000, 0x04c50000)
  from space 512K,  68% used [0x04c50000, 0x04ca7130, 0x04cd0000)
  to   space 512K,   0% used [0x04cd0000, 0x04cd0000, 0x04d50000)
 tenured generation   total 10944K, used 9514K [0x09d50000, 0x0a800000, 0x14800000)
   the space 10944K,  86% used [0x09d50000, 0x0a69ab10, 0x0a69ac00, 0x0a800000)
 Metaspace       used 8473K, capacity 8679K, committed 8832K, reserved 9600K
}
Event: 2.835 GC heap before
{Heap before GC invocations=16 (full 0):
 def new generation   total 4928K, used 4764K [0x04800000, 0x04d50000, 0x09d50000)
  eden space 4416K, 100% used [0x04800000, 0x04c50000, 0x04c50000)
  from space 512K,  68% used [0x04c50000, 0x04ca7130, 0x04cd0000)
  to   space 512K,   0% used [0x04cd0000, 0x04cd0000, 0x04d50000)
 tenured generation   total 10944K, used 9514K [0x09d50000, 0x0a800000, 0x14800000)
   the space 10944K,  86% used [0x09d50000, 0x0a69ab10, 0x0a69ac00, 0x0a800000)
 Metaspace       used 9036K, capacity 9255K, committed 9344K, reserved 9600K
Event: 2.839 GC heap after
Heap after GC invocations=17 (full 0):
 def new generation   total 4928K, used 512K [0x04800000, 0x04d50000, 0x09d50000)
  eden space 4416K,   0% used [0x04800000, 0x04800000, 0x04c50000)
  from space 512K, 100% used [0x04cd0000, 0x04d50000, 0x04d50000)
  to   space 512K,   0% used [0x04c50000, 0x04c50000, 0x04cd0000)
 tenured generation   total 10944K, used 10029K [0x09d50000, 0x0a800000, 0x14800000)
   the space 10944K,  91% used [0x09d50000, 0x0a71b5a0, 0x0a71b600, 0x0a800000)
 Metaspace       used 9036K, capacity 9255K, committed 9344K, reserved 9600K
}
Event: 6.808 GC heap before
{Heap before GC invocations=17 (full 0):
 def new generation   total 4928K, used 4808K [0x04800000, 0x04d50000, 0x09d50000)
  eden space 4416K,  97% used [0x04800000, 0x04c322a8, 0x04c50000)
  from space 512K, 100% used [0x04cd0000, 0x04d50000, 0x04d50000)
  to   space 512K,   0% used [0x04c50000, 0x04c50000, 0x04cd0000)
 tenured generation   total 10944K, used 10029K [0x09d50000, 0x0a800000, 0x14800000)
   the space 10944K,  91% used [0x09d50000, 0x0a71b5a0, 0x0a71b600, 0x0a800000)
 Metaspace       used 9429K, capacity 9639K, committed 9728K, reserved 10624K
Event: 6.841 GC heap after
Heap after GC invocations=18 (full 1):
 def new generation   total 6912K, used 0K [0x04800000, 0x04f70000, 0x09d50000)
  eden space 6208K,   0% used [0x04800000, 0x04800000, 0x04e10000)
  from space 704K,   0% used [0x04e10000, 0x04e10000, 0x04ec0000)
  to   space 704K,   0% used [0x04ec0000, 0x04ec0000, 0x04f70000)
 tenured generation   total 15132K, used 9078K [0x09d50000, 0x0ac17000, 0x14800000)
   the space 15132K,  59% used [0x09d50000, 0x0a62dac8, 0x0a62dc00, 0x0ac17000)
 Metaspace       used 9429K, capacity 9639K, committed 9728K, reserved 10624K
}

